<?xml version="1.0" encoding="UTF-8"?>
<testsuite xmlns:xsi="http://www.w3.org/2001/XMLSchema-instance" xsi:noNamespaceSchemaLocation="https://maven.apache.org/surefire/maven-surefire-plugin/xsd/surefire-test-report-3.0.xsd" version="3.0" name="com.financeapi.repository.TransactionRepositoryTest" time="14.168" tests="4" errors="0" skipped="0" failures="0">
  <properties>
[...]
</properties>
  <testcase name="idempotencyKey_returnsExistingTransaction" classname="com.financeapi.repository.TransactionRepositoryTest" time="0.387">
    <system-out><![CDATA[2026-04-04T20:45:09.140+05:30  INFO 2740 --- [           main] t.c.s.AnnotationConfigContextLoaderUtils : Could not detect default configuration classes for test class [com.financeapi.repository.TransactionRepositoryTest]: TransactionRepositoryTest does not declare any static, non-private, non-final, nested classes annotated with @Configuration.
2026-04-04T20:45:09.237+05:30  INFO 2740 --- [           main] .b.t.c.SpringBootTestContextBootstrapper : Found @SpringBootConfiguration com.financeapi.FinanceApiApplication for test class com.financeapi.repository.TransactionRepositoryTest
2026-04-04T20:45:09.338+05:30  INFO 2740 --- [           main] org.testcontainers.images.PullPolicy     : Image pull policy will be performed by: DefaultPullPolicy()
2026-04-04T20:45:09.345+05:30  INFO 2740 --- [           main] o.t.utility.ImageNameSubstitutor         : Image name substitution will be performed by: DefaultImageNameSubstitutor (composite of 'ConfigurationFileImageNameSubstitutor' and 'PrefixingImageNameSubstitutor')
2026-04-04T20:45:09.774+05:30  INFO 2740 --- [           main] o.t.d.DockerClientProviderStrategy       : Loaded org.testcontainers.dockerclient.NpipeSocketClientProviderStrategy from ~/.testcontainers.properties, will try it first
2026-04-04T20:45:10.401+05:30  INFO 2740 --- [           main] o.t.d.DockerClientProviderStrategy       : Found Docker environment with local Npipe socket (npipe:////./pipe/docker_engine)
2026-04-04T20:45:10.404+05:30  INFO 2740 --- [           main] org.testcontainers.DockerClientFactory   : Docker host IP address is localhost
2026-04-04T20:45:10.453+05:30  INFO 2740 --- [           main] org.testcontainers.DockerClientFactory   : Connected to docker: 
  Server Version: 28.1.1
  API Version: 1.49
  Operating System: Docker Desktop
  Total Memory: 7768 MB
2026-04-04T20:45:10.745+05:30  INFO 2740 --- [           main] tc.testcontainers/ryuk:0.7.0             : Creating container for image: testcontainers/ryuk:0.7.0
2026-04-04T20:45:11.736+05:30  INFO 2740 --- [           main] tc.testcontainers/ryuk:0.7.0             : Container testcontainers/ryuk:0.7.0 is starting: e5e30ff1354fdf089200a35fedb258aa1277fd27f9eae5872f08f4e821db1c09
2026-04-04T20:45:12.573+05:30  INFO 2740 --- [           main] tc.testcontainers/ryuk:0.7.0             : Container testcontainers/ryuk:0.7.0 started in PT1.8272597S
2026-04-04T20:45:12.600+05:30  INFO 2740 --- [           main] o.t.utility.RyukResourceReaper           : Ryuk started - will monitor and terminate Testcontainers containers on JVM exit
2026-04-04T20:45:12.601+05:30  INFO 2740 --- [           main] org.testcontainers.DockerClientFactory   : Checking the system...
2026-04-04T20:45:12.602+05:30  INFO 2740 --- [           main] org.testcontainers.DockerClientFactory   : ✔︎ Docker server version should be at least 1.6.0
2026-04-04T20:45:12.603+05:30  INFO 2740 --- [           main] tc.postgres:16-alpine                    : Creating container for image: postgres:16-alpine
2026-04-04T20:45:12.800+05:30  INFO 2740 --- [           main] tc.postgres:16-alpine                    : Container postgres:16-alpine is starting: 4ea4042f1e1bb7b04b40253708daefa00cb61322892ffc4976cb9552ab342e8a
2026-04-04T20:45:15.699+05:30  INFO 2740 --- [           main] tc.postgres:16-alpine                    : Container postgres:16-alpine started in PT3.0949135S
2026-04-04T20:45:15.700+05:30  INFO 2740 --- [           main] tc.postgres:16-alpine                    : Container is started (JDBC URL: jdbc:postgresql://localhost:55058/testdb?loggerLevel=OFF)

  .   ____          _            __ _ _
 /\\ / ___'_ __ _ _(_)_ __  __ _ \ \ \ \
( ( )\___ | '_ | '_| | '_ \/ _` | \ \ \ \
 \\/  ___)| |_)| | | | | || (_| |  ) ) ) )
  '  |____| .__|_| |_|_| |_\__, | / / / /
 =========|_|==============|___/=/_/_/_/
 :: Spring Boot ::                (v3.2.5)

2026-04-04T20:45:15.784+05:30  INFO 2740 --- [           main] c.f.r.TransactionRepositoryTest          : Starting TransactionRepositoryTest using Java 21.0.10 with PID 2740 (started by anagh in c:\Users\anagh\OneDrive\Documents\Zorvyn_Backend_Assessment_Anagha_Badhe)
2026-04-04T20:45:15.784+05:30  INFO 2740 --- [           main] c.f.r.TransactionRepositoryTest          : No active profile set, falling back to 1 default profile: "default"
2026-04-04T20:45:16.356+05:30  INFO 2740 --- [           main] .s.d.r.c.RepositoryConfigurationDelegate : Multiple Spring Data modules found, entering strict repository configuration mode
2026-04-04T20:45:16.362+05:30  INFO 2740 --- [           main] .s.d.r.c.RepositoryConfigurationDelegate : Bootstrapping Spring Data JPA repositories in DEFAULT mode.
2026-04-04T20:45:16.591+05:30  INFO 2740 --- [           main] .s.d.r.c.RepositoryConfigurationDelegate : Finished Spring Data repository scanning in 176 ms. Found 9 JPA repository interfaces.
2026-04-04T20:45:17.159+05:30  INFO 2740 --- [           main] o.hibernate.jpa.internal.util.LogHelper  : HHH000204: Processing PersistenceUnitInfo [name: default]
2026-04-04T20:45:17.449+05:30  INFO 2740 --- [           main] org.hibernate.Version                    : HHH000412: Hibernate ORM core version 6.4.4.Final
2026-04-04T20:45:17.551+05:30  INFO 2740 --- [           main] o.h.c.internal.RegionFactoryInitiator    : HHH000026: Second-level cache disabled
2026-04-04T20:45:17.790+05:30  INFO 2740 --- [           main] o.s.o.j.p.SpringPersistenceUnitInfo      : No LoadTimeWeaver setup: ignoring JPA class transformer
2026-04-04T20:45:17.835+05:30  INFO 2740 --- [           main] com.zaxxer.hikari.HikariDataSource       : HikariPool-1 - Starting...
2026-04-04T20:45:18.106+05:30  INFO 2740 --- [           main] com.zaxxer.hikari.pool.HikariPool        : HikariPool-1 - Added connection org.postgresql.jdbc.PgConnection@148c571c
2026-04-04T20:45:18.110+05:30  INFO 2740 --- [           main] com.zaxxer.hikari.HikariDataSource       : HikariPool-1 - Start completed.
2026-04-04T20:45:18.176+05:30  WARN 2740 --- [           main] org.hibernate.orm.deprecation            : HHH90000025: PostgreSQLDialect does not need to be specified explicitly using 'hibernate.dialect' (remove the property setting and it will be selected by default)
2026-04-04T20:45:19.864+05:30  INFO 2740 --- [           main] o.h.e.t.j.p.i.JtaPlatformInitiator       : HHH000489: No JTA platform available (set 'hibernate.transaction.jta.platform' to enable JTA platform integration)
Hibernate: 
    alter table if exists budgets 
       drop constraint if exists FKn7qib00712y8dwelmqfwis6ka
2026-04-04T20:45:19.902+05:30  WARN 2740 --- [           main] o.h.engine.jdbc.spi.SqlExceptionHelper   : SQL Warning Code: 0, SQLState: 00000
2026-04-04T20:45:19.902+05:30  WARN 2740 --- [           main] o.h.engine.jdbc.spi.SqlExceptionHelper   : relation "budgets" does not exist, skipping
Hibernate: 
    alter table if exists budgets 
       drop constraint if exists FKt7080wlkaubmcpc056wieffuc
2026-04-04T20:45:19.904+05:30  WARN 2740 --- [           main] o.h.engine.jdbc.spi.SqlExceptionHelper   : SQL Warning Code: 0, SQLState: 00000
2026-04-04T20:45:19.905+05:30  WARN 2740 --- [           main] o.h.engine.jdbc.spi.SqlExceptionHelper   : relation "budgets" does not exist, skipping
Hibernate: 
    alter table if exists merchant_tags 
       drop constraint if exists FK9tuqme3nx3wo2v0jvt7ghnakm
2026-04-04T20:45:19.907+05:30  WARN 2740 --- [           main] o.h.engine.jdbc.spi.SqlExceptionHelper   : SQL Warning Code: 0, SQLState: 00000
2026-04-04T20:45:19.908+05:30  WARN 2740 --- [           main] o.h.engine.jdbc.spi.SqlExceptionHelper   : relation "merchant_tags" does not exist, skipping
Hibernate: 
    alter table if exists refresh_tokens 
       drop constraint if exists FK1lih5y2npsf8u5o3vhdb9y0os
2026-04-04T20:45:19.910+05:30  WARN 2740 --- [           main] o.h.engine.jdbc.spi.SqlExceptionHelper   : SQL Warning Code: 0, SQLState: 00000
2026-04-04T20:45:19.910+05:30  WARN 2740 --- [           main] o.h.engine.jdbc.spi.SqlExceptionHelper   : relation "refresh_tokens" does not exist, skipping
Hibernate: 
    alter table if exists transaction_dna 
       drop constraint if exists FKqu2c1cvbg7x7wt8jnfp3hd41y
2026-04-04T20:45:19.912+05:30  WARN 2740 --- [           main] o.h.engine.jdbc.spi.SqlExceptionHelper   : SQL Warning Code: 0, SQLState: 00000
2026-04-04T20:45:19.912+05:30  WARN 2740 --- [           main] o.h.engine.jdbc.spi.SqlExceptionHelper   : relation "transaction_dna" does not exist, skipping
Hibernate: 
    alter table if exists transactions 
       drop constraint if exists FKsqqi7sneo04kast0o138h19mv
2026-04-04T20:45:19.915+05:30  WARN 2740 --- [           main] o.h.engine.jdbc.spi.SqlExceptionHelper   : SQL Warning Code: 0, SQLState: 00000
2026-04-04T20:45:19.915+05:30  WARN 2740 --- [           main] o.h.engine.jdbc.spi.SqlExceptionHelper   : relation "transactions" does not exist, skipping
Hibernate: 
    alter table if exists transactions 
       drop constraint if exists FKejem3mgn2s0rcputq0m42nx1t
2026-04-04T20:45:19.917+05:30  WARN 2740 --- [           main] o.h.engine.jdbc.spi.SqlExceptionHelper   : SQL Warning Code: 0, SQLState: 00000
2026-04-04T20:45:19.917+05:30  WARN 2740 --- [           main] o.h.engine.jdbc.spi.SqlExceptionHelper   : relation "transactions" does not exist, skipping
Hibernate: 
    alter table if exists user_roles 
       drop constraint if exists FKh8ciramu9cc9q3qcqiv4ue8a6
2026-04-04T20:45:19.919+05:30  WARN 2740 --- [           main] o.h.engine.jdbc.spi.SqlExceptionHelper   : SQL Warning Code: 0, SQLState: 00000
2026-04-04T20:45:19.919+05:30  WARN 2740 --- [           main] o.h.engine.jdbc.spi.SqlExceptionHelper   : relation "user_roles" does not exist, skipping
Hibernate: 
    alter table if exists user_roles 
       drop constraint if exists FKhfh9dx7w3ubf1co1vdev94g3f
2026-04-04T20:45:19.921+05:30  WARN 2740 --- [           main] o.h.engine.jdbc.spi.SqlExceptionHelper   : SQL Warning Code: 0, SQLState: 00000
2026-04-04T20:45:19.922+05:30  WARN 2740 --- [           main] o.h.engine.jdbc.spi.SqlExceptionHelper   : relation "user_roles" does not exist, skipping
Hibernate: 
    drop table if exists audit_logs cascade
2026-04-04T20:45:19.924+05:30  WARN 2740 --- [           main] o.h.engine.jdbc.spi.SqlExceptionHelper   : SQL Warning Code: 0, SQLState: 00000
2026-04-04T20:45:19.925+05:30  WARN 2740 --- [           main] o.h.engine.jdbc.spi.SqlExceptionHelper   : table "audit_logs" does not exist, skipping
Hibernate: 
    drop table if exists budgets cascade
2026-04-04T20:45:19.927+05:30  WARN 2740 --- [           main] o.h.engine.jdbc.spi.SqlExceptionHelper   : SQL Warning Code: 0, SQLState: 00000
2026-04-04T20:45:19.927+05:30  WARN 2740 --- [           main] o.h.engine.jdbc.spi.SqlExceptionHelper   : table "budgets" does not exist, skipping
Hibernate: 
    drop table if exists categories cascade
2026-04-04T20:45:19.929+05:30  WARN 2740 --- [           main] o.h.engine.jdbc.spi.SqlExceptionHelper   : SQL Warning Code: 0, SQLState: 00000
2026-04-04T20:45:19.930+05:30  WARN 2740 --- [           main] o.h.engine.jdbc.spi.SqlExceptionHelper   : table "categories" does not exist, skipping
Hibernate: 
    drop table if exists merchant_tags cascade
2026-04-04T20:45:19.931+05:30  WARN 2740 --- [           main] o.h.engine.jdbc.spi.SqlExceptionHelper   : SQL Warning Code: 0, SQLState: 00000
2026-04-04T20:45:19.931+05:30  WARN 2740 --- [           main] o.h.engine.jdbc.spi.SqlExceptionHelper   : table "merchant_tags" does not exist, skipping
Hibernate: 
    drop table if exists refresh_tokens cascade
2026-04-04T20:45:19.934+05:30  WARN 2740 --- [           main] o.h.engine.jdbc.spi.SqlExceptionHelper   : SQL Warning Code: 0, SQLState: 00000
2026-04-04T20:45:19.934+05:30  WARN 2740 --- [           main] o.h.engine.jdbc.spi.SqlExceptionHelper   : table "refresh_tokens" does not exist, skipping
Hibernate: 
    drop table if exists roles cascade
2026-04-04T20:45:19.936+05:30  WARN 2740 --- [           main] o.h.engine.jdbc.spi.SqlExceptionHelper   : SQL Warning Code: 0, SQLState: 00000
2026-04-04T20:45:19.936+05:30  WARN 2740 --- [           main] o.h.engine.jdbc.spi.SqlExceptionHelper   : table "roles" does not exist, skipping
Hibernate: 
    drop table if exists transaction_dna cascade
2026-04-04T20:45:19.937+05:30  WARN 2740 --- [           main] o.h.engine.jdbc.spi.SqlExceptionHelper   : SQL Warning Code: 0, SQLState: 00000
2026-04-04T20:45:19.938+05:30  WARN 2740 --- [           main] o.h.engine.jdbc.spi.SqlExceptionHelper   : table "transaction_dna" does not exist, skipping
Hibernate: 
    drop table if exists transactions cascade
2026-04-04T20:45:19.940+05:30  WARN 2740 --- [           main] o.h.engine.jdbc.spi.SqlExceptionHelper   : SQL Warning Code: 0, SQLState: 00000
2026-04-04T20:45:19.940+05:30  WARN 2740 --- [           main] o.h.engine.jdbc.spi.SqlExceptionHelper   : table "transactions" does not exist, skipping
Hibernate: 
    drop table if exists user_roles cascade
2026-04-04T20:45:19.942+05:30  WARN 2740 --- [           main] o.h.engine.jdbc.spi.SqlExceptionHelper   : SQL Warning Code: 0, SQLState: 00000
2026-04-04T20:45:19.942+05:30  WARN 2740 --- [           main] o.h.engine.jdbc.spi.SqlExceptionHelper   : table "user_roles" does not exist, skipping
Hibernate: 
    drop table if exists users cascade
2026-04-04T20:45:19.945+05:30  WARN 2740 --- [           main] o.h.engine.jdbc.spi.SqlExceptionHelper   : SQL Warning Code: 0, SQLState: 00000
2026-04-04T20:45:19.945+05:30  WARN 2740 --- [           main] o.h.engine.jdbc.spi.SqlExceptionHelper   : table "users" does not exist, skipping
Hibernate: 
    create table audit_logs (
        id bigserial not null,
        timestamp timestamp(6) not null,
        user_id bigint,
        ip_address varchar(45),
        action varchar(50) not null,
        entity_id varchar(100),
        entity_type varchar(100),
        new_value TEXT,
        old_value TEXT,
        primary key (id)
    )
Hibernate: 
    create table budgets (
        amount_limit numeric(19,2) not null,
        month_year varchar(7) not null,
        category_id bigint not null,
        created_by bigint not null,
        id bigserial not null,
        primary key (id),
        unique (category_id, month_year)
    )
Hibernate: 
    create table categories (
        color_hex varchar(7),
        id bigserial not null,
        icon varchar(50),
        name varchar(100) not null unique,
        primary key (id)
    )
Hibernate: 
    create table merchant_tags (
        id bigserial not null,
        transaction_id bigint not null unique,
        merchant_name varchar(255) not null,
        primary key (id)
    )
Hibernate: 
    create table refresh_tokens (
        revoked boolean not null,
        expires_at timestamp(6) not null,
        id bigserial not null,
        user_id bigint not null,
        token_hash varchar(255) not null unique,
        primary key (id)
    )
Hibernate: 
    create table roles (
        id bigserial not null,
        name varchar(20) not null unique check (name in ('VIEWER','ANALYST','ADMIN')),
        primary key (id)
    )
Hibernate: 
    create table transaction_dna (
        created_at timestamp(6) not null,
        id bigserial not null,
        transaction_id bigint not null unique,
        dna_hash varchar(64) not null,
        primary key (id)
    )
Hibernate: 
    create table transactions (
        amount numeric(19,2) not null,
        date date not null,
        is_deleted boolean not null,
        category_id bigint,
        created_at timestamp(6),
        created_by bigint not null,
        id bigserial not null,
        updated_at timestamp(6),
        type varchar(10) not null check (type in ('INCOME','EXPENSE')),
        idempotency_key varchar(255) unique,
        notes TEXT,
        primary key (id)
    )
Hibernate: 
    create table user_roles (
        role_id bigint not null,
        user_id bigint not null,
        primary key (role_id, user_id)
    )
Hibernate: 
    create table users (
        is_active boolean not null,
        velocity_score float(53) not null,
        created_at timestamp(6),
        id bigserial not null,
        timezone varchar(50) not null,
        email varchar(255) not null unique,
        full_name varchar(255) not null,
        password_hash varchar(255) not null,
        primary key (id)
    )
Hibernate: 
    alter table if exists budgets 
       add constraint FKn7qib00712y8dwelmqfwis6ka 
       foreign key (category_id) 
       references categories
Hibernate: 
    alter table if exists budgets 
       add constraint FKt7080wlkaubmcpc056wieffuc 
       foreign key (created_by) 
       references users
Hibernate: 
    alter table if exists merchant_tags 
       add constraint FK9tuqme3nx3wo2v0jvt7ghnakm 
       foreign key (transaction_id) 
       references transactions
Hibernate: 
    alter table if exists refresh_tokens 
       add constraint FK1lih5y2npsf8u5o3vhdb9y0os 
       foreign key (user_id) 
       references users
Hibernate: 
    alter table if exists transaction_dna 
       add constraint FKqu2c1cvbg7x7wt8jnfp3hd41y 
       foreign key (transaction_id) 
       references transactions
Hibernate: 
    alter table if exists transactions 
       add constraint FKsqqi7sneo04kast0o138h19mv 
       foreign key (category_id) 
       references categories
Hibernate: 
    alter table if exists transactions 
       add constraint FKejem3mgn2s0rcputq0m42nx1t 
       foreign key (created_by) 
       references users
Hibernate: 
    alter table if exists user_roles 
       add constraint FKh8ciramu9cc9q3qcqiv4ue8a6 
       foreign key (role_id) 
       references roles
Hibernate: 
    alter table if exists user_roles 
       add constraint FKhfh9dx7w3ubf1co1vdev94g3f 
       foreign key (user_id) 
       references users
2026-04-04T20:45:20.068+05:30  INFO 2740 --- [           main] j.LocalContainerEntityManagerFactoryBean : Initialized JPA EntityManagerFactory for persistence unit 'default'
2026-04-04T20:45:20.500+05:30  INFO 2740 --- [           main] o.s.d.j.r.query.QueryEnhancerFactory     : Hibernate is in classpath; If applicable, HQL parser will be used.
2026-04-04T20:45:22.049+05:30  INFO 2740 --- [           main] c.f.r.TransactionRepositoryTest          : Started TransactionRepositoryTest in 6.339 seconds (process running for 28.229)
Hibernate: 
    select
        t1_0.id,
        t1_0.amount,
        t1_0.category_id,
        t1_0.created_at,
        t1_0.created_by,
        t1_0.date,
        t1_0.is_deleted,
        t1_0.idempotency_key,
        t1_0.notes,
        t1_0.type,
        t1_0.updated_at 
    from
        transactions t1_0
Hibernate: 
    insert 
    into
        roles
        (name) 
    values
        (?)
Hibernate: 
    insert 
    into
        users
        (is_active, created_at, email, full_name, password_hash, timezone, velocity_score) 
    values
        (?, ?, ?, ?, ?, ?, ?)
Hibernate: 
    insert 
    into
        categories
        (color_hex, icon, name) 
    values
        (?, ?, ?)
Hibernate: 
    insert 
    into
        transactions
        (amount, category_id, created_at, created_by, date, is_deleted, idempotency_key, notes, type, updated_at) 
    values
        (?, ?, ?, ?, ?, ?, ?, ?, ?, ?)
Hibernate: 
    select
        t1_0.id,
        t1_0.amount,
        t1_0.category_id,
        t1_0.created_at,
        t1_0.created_by,
        t1_0.date,
        t1_0.is_deleted,
        t1_0.idempotency_key,
        t1_0.notes,
        t1_0.type,
        t1_0.updated_at 
    from
        transactions t1_0 
    where
        t1_0.idempotency_key=?
Hibernate: 
    select
        t1_0.id,
        t1_0.amount,
        t1_0.category_id,
        t1_0.created_at,
        t1_0.created_by,
        t1_0.date,
        t1_0.is_deleted,
        t1_0.idempotency_key,
        t1_0.notes,
        t1_0.type,
        t1_0.updated_at 
    from
        transactions t1_0 
    where
        t1_0.idempotency_key=?
]]></system-out>
  </testcase>
  <testcase name="save_and_findById" classname="com.financeapi.repository.TransactionRepositoryTest" time="0.028">
    <system-out><![CDATA[Hibernate: 
    select
        t1_0.id,
        t1_0.amount,
        t1_0.category_id,
        t1_0.created_at,
        t1_0.created_by,
        t1_0.date,
        t1_0.is_deleted,
        t1_0.idempotency_key,
        t1_0.notes,
        t1_0.type,
        t1_0.updated_at 
    from
        transactions t1_0
Hibernate: 
    insert 
    into
        roles
        (name) 
    values
        (?)
Hibernate: 
    insert 
    into
        users
        (is_active, created_at, email, full_name, password_hash, timezone, velocity_score) 
    values
        (?, ?, ?, ?, ?, ?, ?)
Hibernate: 
    insert 
    into
        categories
        (color_hex, icon, name) 
    values
        (?, ?, ?)
Hibernate: 
    insert 
    into
        transactions
        (amount, category_id, created_at, created_by, date, is_deleted, idempotency_key, notes, type, updated_at) 
    values
        (?, ?, ?, ?, ?, ?, ?, ?, ?, ?)
]]></system-out>
  </testcase>
  <testcase name="softDelete_hiddenFromActiveQuery" classname="com.financeapi.repository.TransactionRepositoryTest" time="0.044">
    <system-out><![CDATA[Hibernate: 
    select
        t1_0.id,
        t1_0.amount,
        t1_0.category_id,
        t1_0.created_at,
        t1_0.created_by,
        t1_0.date,
        t1_0.is_deleted,
        t1_0.idempotency_key,
        t1_0.notes,
        t1_0.type,
        t1_0.updated_at 
    from
        transactions t1_0
Hibernate: 
    insert 
    into
        roles
        (name) 
    values
        (?)
Hibernate: 
    insert 
    into
        users
        (is_active, created_at, email, full_name, password_hash, timezone, velocity_score) 
    values
        (?, ?, ?, ?, ?, ?, ?)
Hibernate: 
    insert 
    into
        categories
        (color_hex, icon, name) 
    values
        (?, ?, ?)
Hibernate: 
    insert 
    into
        transactions
        (amount, category_id, created_at, created_by, date, is_deleted, idempotency_key, notes, type, updated_at) 
    values
        (?, ?, ?, ?, ?, ?, ?, ?, ?, ?)
Hibernate: 
    select
        t1_0.id,
        t1_0.amount,
        t1_0.category_id,
        t1_0.created_at,
        t1_0.created_by,
        t1_0.date,
        t1_0.is_deleted,
        t1_0.idempotency_key,
        t1_0.notes,
        t1_0.type,
        t1_0.updated_at 
    from
        transactions t1_0 
    where
        not(t1_0.is_deleted) 
    offset
        ? rows 
    fetch
        first ? rows only
]]></system-out>
  </testcase>
  <testcase name="sumIncome_and_sumExpenses" classname="com.financeapi.repository.TransactionRepositoryTest" time="0.048">
    <system-out><![CDATA[Hibernate: 
    select
        t1_0.id,
        t1_0.amount,
        t1_0.category_id,
        t1_0.created_at,
        t1_0.created_by,
        t1_0.date,
        t1_0.is_deleted,
        t1_0.idempotency_key,
        t1_0.notes,
        t1_0.type,
        t1_0.updated_at 
    from
        transactions t1_0
Hibernate: 
    insert 
    into
        roles
        (name) 
    values
        (?)
Hibernate: 
    insert 
    into
        users
        (is_active, created_at, email, full_name, password_hash, timezone, velocity_score) 
    values
        (?, ?, ?, ?, ?, ?, ?)
Hibernate: 
    insert 
    into
        categories
        (color_hex, icon, name) 
    values
        (?, ?, ?)
Hibernate: 
    insert 
    into
        transactions
        (amount, category_id, created_at, created_by, date, is_deleted, idempotency_key, notes, type, updated_at) 
    values
        (?, ?, ?, ?, ?, ?, ?, ?, ?, ?)
Hibernate: 
    insert 
    into
        transactions
        (amount, category_id, created_at, created_by, date, is_deleted, idempotency_key, notes, type, updated_at) 
    values
        (?, ?, ?, ?, ?, ?, ?, ?, ?, ?)
Hibernate: 
    select
        coalesce(sum(t1_0.amount), 0) 
    from
        transactions t1_0 
    where
        t1_0.type='INCOME' 
        and t1_0.is_deleted=false
Hibernate: 
    select
        coalesce(sum(t1_0.amount), 0) 
    from
        transactions t1_0 
    where
        t1_0.type='EXPENSE' 
        and t1_0.is_deleted=false
]]></system-out>
  </testcase>
</testsuite>